
=PROGRESS REPORT==== 25-Jun-2016::10:04:38 ===
          supervisor: {local,sasl_safe_sup}
             started: [{pid,<0.45.0>},
                       {id,alarm_handler},
                       {mfargs,{alarm_handler,start_link,[]}},
                       {restart_type,permanent},
                       {shutdown,2000},
                       {child_type,worker}]

=PROGRESS REPORT==== 25-Jun-2016::10:04:38 ===
          supervisor: {local,sasl_safe_sup}
             started: [{pid,<0.46.0>},
                       {id,overload},
                       {mfargs,{overload,start_link,[]}},
                       {restart_type,permanent},
                       {shutdown,2000},
                       {child_type,worker}]

=PROGRESS REPORT==== 25-Jun-2016::10:04:38 ===
          supervisor: {local,sasl_sup}
             started: [{pid,<0.44.0>},
                       {id,sasl_safe_sup},
                       {mfargs,
                           {supervisor,start_link,
                               [{local,sasl_safe_sup},sasl,safe]}},
                       {restart_type,permanent},
                       {shutdown,infinity},
                       {child_type,supervisor}]

=PROGRESS REPORT==== 25-Jun-2016::10:04:38 ===
          supervisor: {local,sasl_sup}
             started: [{pid,<0.47.0>},
                       {id,release_handler},
                       {mfargs,{release_handler,start_link,[]}},
                       {restart_type,permanent},
                       {shutdown,2000},
                       {child_type,worker}]

=PROGRESS REPORT==== 25-Jun-2016::10:04:38 ===
         application: sasl
          started_at: 'emqttd@127.0.0.1'

=PROGRESS REPORT==== 25-Jun-2016::10:04:38 ===
         application: asn1
          started_at: 'emqttd@127.0.0.1'

=PROGRESS REPORT==== 25-Jun-2016::10:04:38 ===
         application: syntax_tools
          started_at: 'emqttd@127.0.0.1'

=PROGRESS REPORT==== 25-Jun-2016::10:04:38 ===
         application: crypto
          started_at: 'emqttd@127.0.0.1'

=PROGRESS REPORT==== 25-Jun-2016::10:04:38 ===
         application: public_key
          started_at: 'emqttd@127.0.0.1'

=PROGRESS REPORT==== 25-Jun-2016::10:04:38 ===
          supervisor: {local,ssl_sup}
             started: [{pid,<0.57.0>},
                       {id,ssl_manager},
                       {mfargs,{ssl_manager,start_link,[[]]}},
                       {restart_type,permanent},
                       {shutdown,4000},
                       {child_type,worker}]

=PROGRESS REPORT==== 25-Jun-2016::10:04:38 ===
          supervisor: {local,ssl_sup}
             started: [{pid,<0.58.0>},
                       {id,tls_connection},
                       {mfargs,{tls_connection_sup,start_link,[]}},
                       {restart_type,permanent},
                       {shutdown,4000},
                       {child_type,supervisor}]

=PROGRESS REPORT==== 25-Jun-2016::10:04:38 ===
          supervisor: {local,ssl_sup}
             started: [{pid,<0.59.0>},
                       {id,ssl_socket},
                       {mfargs,{ssl_listen_tracker_sup,start_link,[]}},
                       {restart_type,permanent},
                       {shutdown,4000},
                       {child_type,supervisor}]

=PROGRESS REPORT==== 25-Jun-2016::10:04:38 ===
         application: ssl
          started_at: 'emqttd@127.0.0.1'

=PROGRESS REPORT==== 25-Jun-2016::10:04:38 ===
         application: eldap
          started_at: 'emqttd@127.0.0.1'

=PROGRESS REPORT==== 25-Jun-2016::10:04:38 ===
         application: xmerl
          started_at: 'emqttd@127.0.0.1'

=PROGRESS REPORT==== 25-Jun-2016::10:04:38 ===
          supervisor: {local,os_mon_sup}
             started: [{pid,<0.66.0>},
                       {id,disksup},
                       {mfargs,{disksup,start_link,[]}},
                       {restart_type,permanent},
                       {shutdown,2000},
                       {child_type,worker}]

=PROGRESS REPORT==== 25-Jun-2016::10:04:38 ===
          supervisor: {local,os_mon_sup}
             started: [{pid,<0.67.0>},
                       {id,memsup},
                       {mfargs,{memsup,start_link,[]}},
                       {restart_type,permanent},
                       {shutdown,2000},
                       {child_type,worker}]

=PROGRESS REPORT==== 25-Jun-2016::10:04:38 ===
          supervisor: {local,os_mon_sup}
             started: [{pid,<0.69.0>},
                       {id,cpu_sup},
                       {mfargs,{cpu_sup,start_link,[]}},
                       {restart_type,permanent},
                       {shutdown,2000},
                       {child_type,worker}]

=PROGRESS REPORT==== 25-Jun-2016::10:04:38 ===
         application: os_mon
          started_at: 'emqttd@127.0.0.1'

=PROGRESS REPORT==== 25-Jun-2016::10:04:38 ===
          supervisor: {local,inets_sup}
             started: [{pid,<0.76.0>},
                       {id,ftp_sup},
                       {mfargs,{ftp_sup,start_link,[]}},
                       {restart_type,permanent},
                       {shutdown,infinity},
                       {child_type,supervisor}]

=PROGRESS REPORT==== 25-Jun-2016::10:04:38 ===
          supervisor: {local,httpc_profile_sup}
             started: [{pid,<0.79.0>},
                       {id,httpc_manager},
                       {mfargs,
                           {httpc_manager,start_link,
                               [default,only_session_cookies,inets]}},
                       {restart_type,permanent},
                       {shutdown,4000},
                       {child_type,worker}]

=PROGRESS REPORT==== 25-Jun-2016::10:04:38 ===
          supervisor: {local,httpc_sup}
             started: [{pid,<0.78.0>},
                       {id,httpc_profile_sup},
                       {mfargs,
                           {httpc_profile_sup,start_link,
                               [[{httpc,{default,only_session_cookies}}]]}},
                       {restart_type,permanent},
                       {shutdown,infinity},
                       {child_type,supervisor}]

=PROGRESS REPORT==== 25-Jun-2016::10:04:38 ===
          supervisor: {local,httpc_sup}
             started: [{pid,<0.80.0>},
                       {id,httpc_handler_sup},
                       {mfargs,{httpc_handler_sup,start_link,[]}},
                       {restart_type,permanent},
                       {shutdown,infinity},
                       {child_type,supervisor}]

=PROGRESS REPORT==== 25-Jun-2016::10:04:38 ===
          supervisor: {local,inets_sup}
             started: [{pid,<0.77.0>},
                       {id,httpc_sup},
                       {mfargs,
                           {httpc_sup,start_link,
                               [[{httpc,{default,only_session_cookies}}]]}},
                       {restart_type,permanent},
                       {shutdown,infinity},
                       {child_type,supervisor}]

=PROGRESS REPORT==== 25-Jun-2016::10:04:38 ===
          supervisor: {local,inets_sup}
             started: [{pid,<0.81.0>},
                       {id,httpd_sup},
                       {mfargs,{httpd_sup,start_link,[[]]}},
                       {restart_type,permanent},
                       {shutdown,infinity},
                       {child_type,supervisor}]

=PROGRESS REPORT==== 25-Jun-2016::10:04:38 ===
          supervisor: {local,inets_sup}
             started: [{pid,<0.82.0>},
                       {id,tftp_sup},
                       {mfargs,{tftp_sup,start_link,[[]]}},
                       {restart_type,permanent},
                       {shutdown,infinity},
                       {child_type,supervisor}]

=PROGRESS REPORT==== 25-Jun-2016::10:04:38 ===
         application: inets
          started_at: 'emqttd@127.0.0.1'

=PROGRESS REPORT==== 25-Jun-2016::10:04:38 ===
         application: compiler
          started_at: 'emqttd@127.0.0.1'

=PROGRESS REPORT==== 25-Jun-2016::10:04:38 ===
          supervisor: {local,gr_sup}
             started: [{pid,<0.88.0>},
                       {id,gr_counter_sup},
                       {mfargs,{gr_counter_sup,start_link,[]}},
                       {restart_type,permanent},
                       {shutdown,5000},
                       {child_type,supervisor}]

=PROGRESS REPORT==== 25-Jun-2016::10:04:38 ===
          supervisor: {local,gr_sup}
             started: [{pid,<0.89.0>},
                       {id,gr_param_sup},
                       {mfargs,{gr_param_sup,start_link,[]}},
                       {restart_type,permanent},
                       {shutdown,5000},
                       {child_type,supervisor}]

=PROGRESS REPORT==== 25-Jun-2016::10:04:38 ===
          supervisor: {local,gr_sup}
             started: [{pid,<0.90.0>},
                       {id,gr_manager_sup},
                       {mfargs,{gr_manager_sup,start_link,[]}},
                       {restart_type,permanent},
                       {shutdown,5000},
                       {child_type,supervisor}]

=PROGRESS REPORT==== 25-Jun-2016::10:04:38 ===
         application: goldrush
          started_at: 'emqttd@127.0.0.1'

=PROGRESS REPORT==== 25-Jun-2016::10:04:38 ===
          supervisor: {local,runtime_tools_sup}
             started: [{pid,<0.95.0>},
                       {id,ttb_autostart},
                       {mfargs,{ttb_autostart,start_link,[]}},
                       {restart_type,temporary},
                       {shutdown,3000},
                       {child_type,worker}]

=PROGRESS REPORT==== 25-Jun-2016::10:04:38 ===
         application: runtime_tools
          started_at: 'emqttd@127.0.0.1'

=PROGRESS REPORT==== 25-Jun-2016::10:04:38 ===
          supervisor: {local,lager_sup}
             started: [{pid,<0.100.0>},
                       {id,lager},
                       {mfargs,{gen_event,start_link,[{local,lager_event}]}},
                       {restart_type,permanent},
                       {shutdown,5000},
                       {child_type,worker}]

=PROGRESS REPORT==== 25-Jun-2016::10:04:38 ===
          supervisor: {local,lager_sup}
             started: [{pid,<0.101.0>},
                       {id,lager_handler_watcher_sup},
                       {mfargs,{lager_handler_watcher_sup,start_link,[]}},
                       {restart_type,permanent},
                       {shutdown,5000},
                       {child_type,supervisor}]

=PROGRESS REPORT==== 25-Jun-2016::10:04:38 ===
          supervisor: {local,lager_sup}
             started: [{pid,<0.102.0>},
                       {id,lager_crash_log},
                       {mfargs,
                           {lager_crash_log,start_link,
                               ["log/emqttd_crash.log",65536,10485760,
                                [{hour,0}],
                                5]}},
                       {restart_type,permanent},
                       {shutdown,5000},
                       {child_type,worker}]

=PROGRESS REPORT==== 25-Jun-2016::10:04:38 ===
          supervisor: {local,gr_param_sup}
             started: [{pid,<0.109.0>},
                       {id,gr_lager_default_tracer_params},
                       {mfargs,
                           {gr_param,start_link,
                               [gr_lager_default_tracer_params]}},
                       {restart_type,transient},
                       {shutdown,brutal_kill},
                       {child_type,worker}]

=PROGRESS REPORT==== 25-Jun-2016::10:04:38 ===
          supervisor: {local,gr_counter_sup}
             started: [{pid,<0.110.0>},
                       {id,gr_lager_default_tracer_counters},
                       {mfargs,
                           {gr_counter,start_link,
                               [gr_lager_default_tracer_counters]}},
                       {restart_type,transient},
                       {shutdown,brutal_kill},
                       {child_type,worker}]

=PROGRESS REPORT==== 25-Jun-2016::10:04:38 ===
          supervisor: {local,gr_manager_sup}
             started: [{pid,<0.111.0>},
                       {id,gr_lager_default_tracer_params_mgr},
                       {mfargs,
                           {gr_manager,start_link,
                               [gr_lager_default_tracer_params_mgr,
                                gr_lager_default_tracer_params,[]]}},
                       {restart_type,transient},
                       {shutdown,brutal_kill},
                       {child_type,worker}]

=PROGRESS REPORT==== 25-Jun-2016::10:04:38 ===
          supervisor: {local,gr_manager_sup}
             started: [{pid,<0.112.0>},
                       {id,gr_lager_default_tracer_counters_mgr},
                       {mfargs,
                           {gr_manager,start_link,
                               [gr_lager_default_tracer_counters_mgr,
                                gr_lager_default_tracer_counters,
                                [{input,0},{filter,0},{output,0}]]}},
                       {restart_type,transient},
                       {shutdown,brutal_kill},
                       {child_type,worker}]

=PROGRESS REPORT==== 25-Jun-2016::10:04:38 ===
         application: lager
          started_at: 'emqttd@127.0.0.1'

=PROGRESS REPORT==== 25-Jun-2016::10:04:38 ===
         application: gen_logger
          started_at: 'emqttd@127.0.0.1'

=PROGRESS REPORT==== 25-Jun-2016::10:04:38 ===
          supervisor: {local,gproc_sup}
             started: [{pid,<0.119.0>},
                       {id,gproc},
                       {mfargs,{gproc,start_link,[]}},
                       {restart_type,permanent},
                       {shutdown,2000},
                       {child_type,worker}]

=PROGRESS REPORT==== 25-Jun-2016::10:04:38 ===
          supervisor: {local,gproc_sup}
             started: [{pid,<0.120.0>},
                       {id,gproc_monitor},
                       {mfargs,{gproc_monitor,start_link,[]}},
                       {restart_type,permanent},
                       {shutdown,2000},
                       {child_type,worker}]

=PROGRESS REPORT==== 25-Jun-2016::10:04:38 ===
          supervisor: {local,gproc_sup}
             started: [{pid,<0.121.0>},
                       {id,gproc_bcast},
                       {mfargs,{gproc_bcast,start_link,[]}},
                       {restart_type,permanent},
                       {shutdown,2000},
                       {child_type,worker}]

=PROGRESS REPORT==== 25-Jun-2016::10:04:38 ===
          supervisor: {local,gproc_sup}
             started: [{pid,<0.122.0>},
                       {id,gproc_pool},
                       {mfargs,{gproc_pool,start_link,[]}},
                       {restart_type,permanent},
                       {shutdown,2000},
                       {child_type,worker}]

=PROGRESS REPORT==== 25-Jun-2016::10:04:38 ===
         application: gproc
          started_at: 'emqttd@127.0.0.1'

=PROGRESS REPORT==== 25-Jun-2016::10:04:38 ===
          supervisor: {local,esockd_sup}
             started: [{pid,<0.127.0>},
                       {id,esockd_server},
                       {mfargs,{esockd_server,start_link,[]}},
                       {restart_type,permanent},
                       {shutdown,5000},
                       {child_type,worker}]

=PROGRESS REPORT==== 25-Jun-2016::10:04:38 ===
         application: esockd
          started_at: 'emqttd@127.0.0.1'

=PROGRESS REPORT==== 25-Jun-2016::10:04:38 ===
         application: mochiweb
          started_at: 'emqttd@127.0.0.1'

=PROGRESS REPORT==== 25-Jun-2016::10:04:38 ===
          supervisor: {local,kernel_safe_sup}
             started: [{pid,<0.132.0>},
                       {id,dets_sup},
                       {mfargs,{dets_sup,start_link,[]}},
                       {restart_type,permanent},
                       {shutdown,1000},
                       {child_type,supervisor}]

=PROGRESS REPORT==== 25-Jun-2016::10:04:38 ===
          supervisor: {local,kernel_safe_sup}
             started: [{pid,<0.133.0>},
                       {id,dets},
                       {mfargs,{dets_server,start_link,[]}},
                       {restart_type,permanent},
                       {shutdown,2000},
                       {child_type,worker}]

=PROGRESS REPORT==== 25-Jun-2016::10:04:38 ===
          supervisor: {local,mnesia_sup}
             started: [{pid,<0.141.0>},
                       {id,mnesia_event},
                       {mfargs,{mnesia_sup,start_event,[]}},
                       {restart_type,permanent},
                       {shutdown,30000},
                       {child_type,worker}]

=PROGRESS REPORT==== 25-Jun-2016::10:04:38 ===
          supervisor: {local,mnesia_kernel_sup}
             started: [{pid,<0.143.0>},
                       {id,mnesia_monitor},
                       {mfargs,{mnesia_monitor,start,[]}},
                       {restart_type,permanent},
                       {shutdown,3000},
                       {child_type,worker}]

=PROGRESS REPORT==== 25-Jun-2016::10:04:38 ===
          supervisor: {local,mnesia_kernel_sup}
             started: [{pid,<0.144.0>},
                       {id,mnesia_subscr},
                       {mfargs,{mnesia_subscr,start,[]}},
                       {restart_type,permanent},
                       {shutdown,3000},
                       {child_type,worker}]

=PROGRESS REPORT==== 25-Jun-2016::10:04:38 ===
          supervisor: {local,mnesia_kernel_sup}
             started: [{pid,<0.145.0>},
                       {id,mnesia_locker},
                       {mfargs,{mnesia_locker,start,[]}},
                       {restart_type,permanent},
                       {shutdown,3000},
                       {child_type,worker}]

=PROGRESS REPORT==== 25-Jun-2016::10:04:38 ===
          supervisor: {local,mnesia_kernel_sup}
             started: [{pid,<0.146.0>},
                       {id,mnesia_recover},
                       {mfargs,{mnesia_recover,start,[]}},
                       {restart_type,permanent},
                       {shutdown,180000},
                       {child_type,worker}]

=PROGRESS REPORT==== 25-Jun-2016::10:04:38 ===
          supervisor: {local,kernel_safe_sup}
             started: [{pid,<0.151.0>},
                       {id,disk_log_sup},
                       {mfargs,{disk_log_sup,start_link,[]}},
                       {restart_type,permanent},
                       {shutdown,1000},
                       {child_type,supervisor}]

=PROGRESS REPORT==== 25-Jun-2016::10:04:38 ===
          supervisor: {local,kernel_safe_sup}
             started: [{pid,<0.152.0>},
                       {id,disk_log_server},
                       {mfargs,{disk_log_server,start_link,[]}},
                       {restart_type,permanent},
                       {shutdown,2000},
                       {child_type,worker}]

=PROGRESS REPORT==== 25-Jun-2016::10:04:38 ===
          supervisor: {local,mnesia_kernel_sup}
             started: [{pid,<0.147.0>},
                       {id,mnesia_tm},
                       {mfargs,{mnesia_tm,start,[]}},
                       {restart_type,permanent},
                       {shutdown,30000},
                       {child_type,worker}]

=PROGRESS REPORT==== 25-Jun-2016::10:04:38 ===
          supervisor: {local,mnesia_kernel_sup}
             started: [{pid,<0.165.0>},
                       {id,mnesia_checkpoint_sup},
                       {mfargs,{mnesia_checkpoint_sup,start,[]}},
                       {restart_type,permanent},
                       {shutdown,infinity},
                       {child_type,supervisor}]

=PROGRESS REPORT==== 25-Jun-2016::10:04:38 ===
          supervisor: {local,mnesia_kernel_sup}
             started: [{pid,<0.166.0>},
                       {id,mnesia_snmp_sup},
                       {mfargs,{mnesia_snmp_sup,start,[]}},
                       {restart_type,permanent},
                       {shutdown,infinity},
                       {child_type,supervisor}]

=PROGRESS REPORT==== 25-Jun-2016::10:04:38 ===
          supervisor: {local,mnesia_kernel_sup}
             started: [{pid,<0.167.0>},
                       {id,mnesia_controller},
                       {mfargs,{mnesia_controller,start,[]}},
                       {restart_type,permanent},
                       {shutdown,3000},
                       {child_type,worker}]

=PROGRESS REPORT==== 25-Jun-2016::10:04:38 ===
          supervisor: {local,mnesia_kernel_sup}
             started: [{pid,<0.168.0>},
                       {id,mnesia_late_loader},
                       {mfargs,{mnesia_late_loader,start,[]}},
                       {restart_type,permanent},
                       {shutdown,3000},
                       {child_type,worker}]

=PROGRESS REPORT==== 25-Jun-2016::10:04:38 ===
          supervisor: {local,mnesia_sup}
             started: [{pid,<0.142.0>},
                       {id,mnesia_kernel_sup},
                       {mfargs,{mnesia_kernel_sup,start,[]}},
                       {restart_type,permanent},
                       {shutdown,infinity},
                       {child_type,supervisor}]

=PROGRESS REPORT==== 25-Jun-2016::10:04:38 ===
         application: mnesia
          started_at: 'emqttd@127.0.0.1'

=PROGRESS REPORT==== 25-Jun-2016::10:04:38 ===
          supervisor: {local,emqttd_sup}
             started: [{pid,<0.199.0>},
                       {id,emqttd_ctl},
                       {mfargs,{emqttd_ctl,start_link,[]}},
                       {restart_type,permanent},
                       {shutdown,10000},
                       {child_type,worker}]

=PROGRESS REPORT==== 25-Jun-2016::10:04:38 ===
          supervisor: {local,emqttd_sup}
             started: [{pid,<0.200.0>},
                       {id,emqttd_hook},
                       {mfargs,{emqttd_hook,start_link,[]}},
                       {restart_type,permanent},
                       {shutdown,10000},
                       {child_type,worker}]

=PROGRESS REPORT==== 25-Jun-2016::10:04:38 ===
          supervisor: {local,emqttd_pubsub_sup}
             started: [{pid,<0.202.0>},
                       {id,router},
                       {mfargs,{emqttd_router,start_link,[]}},
                       {restart_type,permanent},
                       {shutdown,5000},
                       {child_type,worker}]

=PROGRESS REPORT==== 25-Jun-2016::10:04:38 ===
          supervisor: {local,pubsub_pool_sup}
             started: [{pid,<0.204.0>},
                       {id,{emqttd_pubsub,1}},
                       {mfargs,
                           {emqttd_pubsub,start_link,
                               [pubsub,1,
                                [{pool_size,8},
                                 {subscription,true},
                                 {route_aging,5}]]}},
                       {restart_type,transient},
                       {shutdown,5000},
                       {child_type,worker}]

=PROGRESS REPORT==== 25-Jun-2016::10:04:38 ===
          supervisor: {local,pubsub_pool_sup}
             started: [{pid,<0.205.0>},
                       {id,{emqttd_pubsub,2}},
                       {mfargs,
                           {emqttd_pubsub,start_link,
                               [pubsub,2,
                                [{pool_size,8},
                                 {subscription,true},
                                 {route_aging,5}]]}},
                       {restart_type,transient},
                       {shutdown,5000},
                       {child_type,worker}]

=PROGRESS REPORT==== 25-Jun-2016::10:04:38 ===
          supervisor: {local,pubsub_pool_sup}
             started: [{pid,<0.206.0>},
                       {id,{emqttd_pubsub,3}},
                       {mfargs,
                           {emqttd_pubsub,start_link,
                               [pubsub,3,
                                [{pool_size,8},
                                 {subscription,true},
                                 {route_aging,5}]]}},
                       {restart_type,transient},
                       {shutdown,5000},
                       {child_type,worker}]

=PROGRESS REPORT==== 25-Jun-2016::10:04:38 ===
          supervisor: {local,pubsub_pool_sup}
             started: [{pid,<0.207.0>},
                       {id,{emqttd_pubsub,4}},
                       {mfargs,
                           {emqttd_pubsub,start_link,
                               [pubsub,4,
                                [{pool_size,8},
                                 {subscription,true},
                                 {route_aging,5}]]}},
                       {restart_type,transient},
                       {shutdown,5000},
                       {child_type,worker}]

=PROGRESS REPORT==== 25-Jun-2016::10:04:38 ===
          supervisor: {local,pubsub_pool_sup}
             started: [{pid,<0.208.0>},
                       {id,{emqttd_pubsub,5}},
                       {mfargs,
                           {emqttd_pubsub,start_link,
                               [pubsub,5,
                                [{pool_size,8},
                                 {subscription,true},
                                 {route_aging,5}]]}},
                       {restart_type,transient},
                       {shutdown,5000},
                       {child_type,worker}]

=PROGRESS REPORT==== 25-Jun-2016::10:04:38 ===
          supervisor: {local,pubsub_pool_sup}
             started: [{pid,<0.209.0>},
                       {id,{emqttd_pubsub,6}},
                       {mfargs,
                           {emqttd_pubsub,start_link,
                               [pubsub,6,
                                [{pool_size,8},
                                 {subscription,true},
                                 {route_aging,5}]]}},
                       {restart_type,transient},
                       {shutdown,5000},
                       {child_type,worker}]

=PROGRESS REPORT==== 25-Jun-2016::10:04:38 ===
          supervisor: {local,pubsub_pool_sup}
             started: [{pid,<0.210.0>},
                       {id,{emqttd_pubsub,7}},
                       {mfargs,
                           {emqttd_pubsub,start_link,
                               [pubsub,7,
                                [{pool_size,8},
                                 {subscription,true},
                                 {route_aging,5}]]}},
                       {restart_type,transient},
                       {shutdown,5000},
                       {child_type,worker}]

=PROGRESS REPORT==== 25-Jun-2016::10:04:38 ===
          supervisor: {local,pubsub_pool_sup}
             started: [{pid,<0.211.0>},
                       {id,{emqttd_pubsub,8}},
                       {mfargs,
                           {emqttd_pubsub,start_link,
                               [pubsub,8,
                                [{pool_size,8},
                                 {subscription,true},
                                 {route_aging,5}]]}},
                       {restart_type,transient},
                       {shutdown,5000},
                       {child_type,worker}]

=PROGRESS REPORT==== 25-Jun-2016::10:04:38 ===
          supervisor: {local,emqttd_pubsub_sup}
             started: [{pid,<0.203.0>},
                       {id,pubsub_pool},
                       {mfargs,
                           {emqttd_pool_sup,start_link,
                               [pubsub,hash,8,
                                {emqttd_pubsub,start_link,
                                    [[{pool_size,8},
                                      {subscription,true},
                                      {route_aging,5}]]}]}},
                       {restart_type,transient},
                       {shutdown,infinity},
                       {child_type,supervisor}]

=PROGRESS REPORT==== 25-Jun-2016::10:04:38 ===
          supervisor: {local,server_pool_sup}
             started: [{pid,<0.213.0>},
                       {id,{emqttd_server,1}},
                       {mfargs,
                           {emqttd_server,start_link,
                               [server,1,
                                [{pool_size,8},
                                 {subscription,true},
                                 {route_aging,5}]]}},
                       {restart_type,transient},
                       {shutdown,5000},
                       {child_type,worker}]

=PROGRESS REPORT==== 25-Jun-2016::10:04:38 ===
          supervisor: {local,server_pool_sup}
             started: [{pid,<0.214.0>},
                       {id,{emqttd_server,2}},
                       {mfargs,
                           {emqttd_server,start_link,
                               [server,2,
                                [{pool_size,8},
                                 {subscription,true},
                                 {route_aging,5}]]}},
                       {restart_type,transient},
                       {shutdown,5000},
                       {child_type,worker}]

=PROGRESS REPORT==== 25-Jun-2016::10:04:38 ===
          supervisor: {local,server_pool_sup}
             started: [{pid,<0.215.0>},
                       {id,{emqttd_server,3}},
                       {mfargs,
                           {emqttd_server,start_link,
                               [server,3,
                                [{pool_size,8},
                                 {subscription,true},
                                 {route_aging,5}]]}},
                       {restart_type,transient},
                       {shutdown,5000},
                       {child_type,worker}]

=PROGRESS REPORT==== 25-Jun-2016::10:04:38 ===
          supervisor: {local,server_pool_sup}
             started: [{pid,<0.216.0>},
                       {id,{emqttd_server,4}},
                       {mfargs,
                           {emqttd_server,start_link,
                               [server,4,
                                [{pool_size,8},
                                 {subscription,true},
                                 {route_aging,5}]]}},
                       {restart_type,transient},
                       {shutdown,5000},
                       {child_type,worker}]

=PROGRESS REPORT==== 25-Jun-2016::10:04:38 ===
          supervisor: {local,server_pool_sup}
             started: [{pid,<0.217.0>},
                       {id,{emqttd_server,5}},
                       {mfargs,
                           {emqttd_server,start_link,
                               [server,5,
                                [{pool_size,8},
                                 {subscription,true},
                                 {route_aging,5}]]}},
                       {restart_type,transient},
                       {shutdown,5000},
                       {child_type,worker}]

=PROGRESS REPORT==== 25-Jun-2016::10:04:38 ===
          supervisor: {local,server_pool_sup}
             started: [{pid,<0.218.0>},
                       {id,{emqttd_server,6}},
                       {mfargs,
                           {emqttd_server,start_link,
                               [server,6,
                                [{pool_size,8},
                                 {subscription,true},
                                 {route_aging,5}]]}},
                       {restart_type,transient},
                       {shutdown,5000},
                       {child_type,worker}]

=PROGRESS REPORT==== 25-Jun-2016::10:04:38 ===
          supervisor: {local,server_pool_sup}
             started: [{pid,<0.219.0>},
                       {id,{emqttd_server,7}},
                       {mfargs,
                           {emqttd_server,start_link,
                               [server,7,
                                [{pool_size,8},
                                 {subscription,true},
                                 {route_aging,5}]]}},
                       {restart_type,transient},
                       {shutdown,5000},
                       {child_type,worker}]

=PROGRESS REPORT==== 25-Jun-2016::10:04:38 ===
          supervisor: {local,server_pool_sup}
             started: [{pid,<0.220.0>},
                       {id,{emqttd_server,8}},
                       {mfargs,
                           {emqttd_server,start_link,
                               [server,8,
                                [{pool_size,8},
                                 {subscription,true},
                                 {route_aging,5}]]}},
                       {restart_type,transient},
                       {shutdown,5000},
                       {child_type,worker}]

=PROGRESS REPORT==== 25-Jun-2016::10:04:38 ===
          supervisor: {local,emqttd_pubsub_sup}
             started: [{pid,<0.212.0>},
                       {id,server_pool},
                       {mfargs,
                           {emqttd_pool_sup,start_link,
                               [server,hash,8,
                                {emqttd_server,start_link,
                                    [[{pool_size,8},
                                      {subscription,true},
                                      {route_aging,5}]]}]}},
                       {restart_type,transient},
                       {shutdown,infinity},
                       {child_type,supervisor}]

=PROGRESS REPORT==== 25-Jun-2016::10:04:38 ===
          supervisor: {local,emqttd_sup}
             started: [{pid,<0.201.0>},
                       {id,emqttd_pubsub_sup},
                       {mfargs,{emqttd_pubsub_sup,start_link,[]}},
                       {restart_type,permanent},
                       {shutdown,infinity},
                       {child_type,supervisor}]

=PROGRESS REPORT==== 25-Jun-2016::10:04:38 ===
          supervisor: {local,emqttd_sup}
             started: [{pid,<0.221.0>},
                       {id,emqttd_stats},
                       {mfargs,{emqttd_stats,start_link,[]}},
                       {restart_type,permanent},
                       {shutdown,10000},
                       {child_type,worker}]

=PROGRESS REPORT==== 25-Jun-2016::10:04:38 ===
          supervisor: {local,emqttd_sup}
             started: [{pid,<0.222.0>},
                       {id,emqttd_metrics},
                       {mfargs,{emqttd_metrics,start_link,[]}},
                       {restart_type,permanent},
                       {shutdown,10000},
                       {child_type,worker}]

=PROGRESS REPORT==== 25-Jun-2016::10:04:38 ===
          supervisor: {local,emqttd_sup}
             started: [{pid,<0.223.0>},
                       {id,emqttd_retainer},
                       {mfargs,{emqttd_retainer,start_link,[]}},
                       {restart_type,permanent},
                       {shutdown,10000},
                       {child_type,worker}]

=PROGRESS REPORT==== 25-Jun-2016::10:04:38 ===
          supervisor: {local,pooler_pool_sup}
             started: [{pid,<0.225.0>},
                       {id,{emqttd_pooler,1}},
                       {mfargs,{emqttd_pooler,start_link,[pooler,1]}},
                       {restart_type,transient},
                       {shutdown,5000},
                       {child_type,worker}]

=PROGRESS REPORT==== 25-Jun-2016::10:04:38 ===
          supervisor: {local,emqttd_sup}
             started: [{pid,<0.224.0>},
                       {id,emqttd_pooler},
                       {mfargs,{emqttd_pooler,start_link,[]}},
                       {restart_type,permanent},
                       {shutdown,infinity},
                       {child_type,supervisor}]

=PROGRESS REPORT==== 25-Jun-2016::10:04:38 ===
          supervisor: {local,emqttd_trace_sup}
             started: [{pid,<0.227.0>},
                       {id,trace},
                       {mfargs,{emqttd_trace,start_link,[]}},
                       {restart_type,permanent},
                       {shutdown,5000},
                       {child_type,worker}]

=PROGRESS REPORT==== 25-Jun-2016::10:04:38 ===
          supervisor: {local,emqttd_sup}
             started: [{pid,<0.226.0>},
                       {id,emqttd_trace_sup},
                       {mfargs,{emqttd_trace_sup,start_link,[]}},
                       {restart_type,permanent},
                       {shutdown,infinity},
                       {child_type,supervisor}]

=PROGRESS REPORT==== 25-Jun-2016::10:04:38 ===
          supervisor: {local,emqttd_cm_pool_sup}
             started: [{pid,<0.230.0>},
                       {id,{emqttd_cm,1}},
                       {mfargs,
                           {emqttd_cm,start_link,
                               [emqttd_cm,1,#Fun<emqttd_stats.1.20832236>]}},
                       {restart_type,transient},
                       {shutdown,5000},
                       {child_type,worker}]

=PROGRESS REPORT==== 25-Jun-2016::10:04:38 ===
          supervisor: {local,emqttd_cm_sup}
             started: [{pid,<0.229.0>},
                       {id,pool_sup},
                       {mfargs,
                           {emqttd_pool_sup,start_link,
                               [emqttd_cm,hash,1,
                                {emqttd_cm,start_link,
                                    [#Fun<emqttd_stats.1.20832236>]}]}},
                       {restart_type,transient},
                       {shutdown,infinity},
                       {child_type,supervisor}]

=PROGRESS REPORT==== 25-Jun-2016::10:04:38 ===
          supervisor: {local,emqttd_sup}
             started: [{pid,<0.228.0>},
                       {id,emqttd_cm_sup},
                       {mfargs,{emqttd_cm_sup,start_link,[]}},
                       {restart_type,permanent},
                       {shutdown,infinity},
                       {child_type,supervisor}]

=PROGRESS REPORT==== 25-Jun-2016::10:04:38 ===
          supervisor: {local,emqttd_sm_sup}
             started: [{pid,<0.232.0>},
                       {id,emqttd_sm_helper},
                       {mfargs,
                           {emqttd_sm_helper,start_link,
                               [#Fun<emqttd_stats.1.20832236>]}},
                       {restart_type,permanent},
                       {shutdown,5000},
                       {child_type,worker}]

=PROGRESS REPORT==== 25-Jun-2016::10:04:38 ===
          supervisor: {local,emqttd_sm_pool_sup}
             started: [{pid,<0.234.0>},
                       {id,{emqttd_sm,1}},
                       {mfargs,{emqttd_sm,start_link,[emqttd_sm,1]}},
                       {restart_type,transient},
                       {shutdown,5000},
                       {child_type,worker}]

=PROGRESS REPORT==== 25-Jun-2016::10:04:38 ===
          supervisor: {local,emqttd_sm_sup}
             started: [{pid,<0.233.0>},
                       {id,pool_sup},
                       {mfargs,
                           {emqttd_pool_sup,start_link,
                               [emqttd_sm,hash,1,{emqttd_sm,start_link,[]}]}},
                       {restart_type,transient},
                       {shutdown,infinity},
                       {child_type,supervisor}]

=PROGRESS REPORT==== 25-Jun-2016::10:04:38 ===
          supervisor: {local,emqttd_sup}
             started: [{pid,<0.231.0>},
                       {id,emqttd_sm_sup},
                       {mfargs,{emqttd_sm_sup,start_link,[]}},
                       {restart_type,permanent},
                       {shutdown,infinity},
                       {child_type,supervisor}]

=PROGRESS REPORT==== 25-Jun-2016::10:04:38 ===
          supervisor: {local,emqttd_sup}
             started: [{pid,<0.235.0>},
                       {id,emqttd_session_sup},
                       {mfargs,{emqttd_session_sup,start_link,[]}},
                       {restart_type,permanent},
                       {shutdown,infinity},
                       {child_type,supervisor}]

=PROGRESS REPORT==== 25-Jun-2016::10:04:38 ===
          supervisor: {local,emqttd_sup}
             started: [{pid,<0.236.0>},
                       {id,emqttd_broker},
                       {mfargs,{emqttd_broker,start_link,[]}},
                       {restart_type,permanent},
                       {shutdown,10000},
                       {child_type,worker}]

=PROGRESS REPORT==== 25-Jun-2016::10:04:38 ===
          supervisor: {local,emqttd_sup}
             started: [{pid,<0.237.0>},
                       {id,emqttd_alarm},
                       {mfargs,{emqttd_alarm,start_link,[]}},
                       {restart_type,permanent},
                       {shutdown,10000},
                       {child_type,worker}]

=PROGRESS REPORT==== 25-Jun-2016::10:04:38 ===
          supervisor: {local,emqttd_sup}
             started: [{pid,<0.238.0>},
                       {id,emqttd_mod_sup},
                       {mfargs,{emqttd_mod_sup,start_link,[]}},
                       {restart_type,permanent},
                       {shutdown,10000},
                       {child_type,worker}]

=PROGRESS REPORT==== 25-Jun-2016::10:04:38 ===
          supervisor: {local,emqttd_sup}
             started: [{pid,<0.239.0>},
                       {id,emqttd_bridge_sup},
                       {mfargs,{emqttd_bridge_sup,start_link,[]}},
                       {restart_type,permanent},
                       {shutdown,infinity},
                       {child_type,supervisor}]

=PROGRESS REPORT==== 25-Jun-2016::10:04:38 ===
          supervisor: {local,emqttd_sup}
             started: [{pid,<0.240.0>},
                       {id,emqttd_access_control},
                       {mfargs,{emqttd_access_control,start_link,[]}},
                       {restart_type,permanent},
                       {shutdown,10000},
                       {child_type,worker}]

=PROGRESS REPORT==== 25-Jun-2016::10:04:38 ===
          supervisor: {local,emqttd_sysmon_sup}
             started: [{pid,<0.243.0>},
                       {id,sysmon},
                       {mfargs,
                           {emqttd_sysmon,start_link,
                               [[{long_gc,false},
                                 {long_schedule,240},
                                 {large_heap,8388608},
                                 {busy_port,false},
                                 {busy_dist_port,true}]]}},
                       {restart_type,permanent},
                       {shutdown,5000},
                       {child_type,worker}]

=PROGRESS REPORT==== 25-Jun-2016::10:04:38 ===
          supervisor: {local,emqttd_sup}
             started: [{pid,<0.242.0>},
                       {id,emqttd_sysmon_sup},
                       {mfargs,{emqttd_sysmon_sup,start_link,[]}},
                       {restart_type,permanent},
                       {shutdown,infinity},
                       {child_type,supervisor}]

=PROGRESS REPORT==== 25-Jun-2016::10:04:38 ===
          supervisor: {local,emqttd_dashboard_sup}
             started: [{pid,<0.269.0>},
                       {id,emqttd_dashboard_admin},
                       {mfargs,{emqttd_dashboard_admin,start_link,[]}},
                       {restart_type,permanent},
                       {shutdown,5000},
                       {child_type,worker}]

=PROGRESS REPORT==== 25-Jun-2016::10:04:38 ===
          supervisor: {<0.272.0>,esockd_listener_sup}
             started: [{pid,<0.273.0>},
                       {id,connection_sup},
                       {mfargs,
                        {esockd_connection_sup,start_link,
                         [[{sockopts,
                            [binary,
                             {reuseaddr,true},
                             {packet,raw},
                             {backlog,1024},
                             {recbuf,8192},
                             {exit_on_close,false},
                             {nodelay,false}]},
                           {acceptors,4},
                           {max_clients,512}],
                          {mochiweb_http,start_link,
                           [{emqttd_dashboard,handle_request,
                             [{state,
                               "/root/emqttd_test/plugins/emqttd_dashboard/priv/www",
                               #Fun<emqttd_dashboard.1.22975211>}]}]},
                          {gen_logger,lager_logger,8}]}},
                       {restart_type,transient},
                       {shutdown,infinity},
                       {child_type,supervisor}]

=PROGRESS REPORT==== 25-Jun-2016::10:04:38 ===
          supervisor: {<0.272.0>,esockd_listener_sup}
             started: [{pid,<0.274.0>},
                       {id,acceptor_sup},
                       {mfargs,
                           {esockd_acceptor_sup,start_link,
                               [<0.273.0>,#Fun<esockd_server.0.76791649>,
                                #Fun<esockd_listener_sup.1.16895020>,
                                {gen_logger,lager_logger,8}]}},
                       {restart_type,transient},
                       {shutdown,infinity},
                       {child_type,supervisor}]

=PROGRESS REPORT==== 25-Jun-2016::10:04:38 ===
          supervisor: {<0.272.0>,esockd_listener_sup}
             started: [{pid,<0.275.0>},
                       {id,listener},
                       {mfargs,
                           {esockd_listener,start_link,
                               [http,18083,
                                [{sockopts,
                                     [binary,
                                      {reuseaddr,true},
                                      {packet,raw},
                                      {backlog,1024},
                                      {recbuf,8192},
                                      {exit_on_close,false},
                                      {nodelay,false}]},
                                 {acceptors,4},
                                 {max_clients,512}],
                                <0.274.0>,
                                {gen_logger,lager_logger,8}]}},
                       {restart_type,transient},
                       {shutdown,4294967295},
                       {child_type,worker}]

=PROGRESS REPORT==== 25-Jun-2016::10:04:38 ===
          supervisor: {local,esockd_sup}
             started: [{pid,<0.272.0>},
                       {id,{listener_sup,{http,18083}}},
                       {mfargs,
                        {esockd_listener_sup,start_link,
                         [http,18083,
                          [{sockopts,
                            [binary,
                             {reuseaddr,true},
                             {packet,raw},
                             {backlog,1024},
                             {recbuf,8192},
                             {exit_on_close,false},
                             {nodelay,false}]},
                           {acceptors,4},
                           {max_clients,512}],
                          {mochiweb_http,start_link,
                           [{emqttd_dashboard,handle_request,
                             [{state,
                               "/root/emqttd_test/plugins/emqttd_dashboard/priv/www",
                               #Fun<emqttd_dashboard.1.22975211>}]}]}]}},
                       {restart_type,transient},
                       {shutdown,infinity},
                       {child_type,supervisor}]

=PROGRESS REPORT==== 25-Jun-2016::10:04:38 ===
         application: emqttd_dashboard
          started_at: 'emqttd@127.0.0.1'

=PROGRESS REPORT==== 25-Jun-2016::10:04:38 ===
         application: emqttd_auth_http
          started_at: 'emqttd@127.0.0.1'

=PROGRESS REPORT==== 25-Jun-2016::10:04:38 ===
          supervisor: {<0.284.0>,esockd_listener_sup}
             started: [{pid,<0.285.0>},
                       {id,connection_sup},
                       {mfargs,
                        {esockd_connection_sup,start_link,
                         [[{acceptors,16},
                           {max_clients,512},
                           {access,[{allow,all}]},
                           {connopts,[]},
                           {sockopts,
                            [binary,
                             {packet,raw},
                             {reuseaddr,true},
                             {backlog,1024},
                             {nodelay,true}]}],
                          {emqttd_client,start_link,
                           [[{packet,
                              [{max_clientid_len,512},
                               {max_packet_size,65536}]},
                             {client,[{idle_timeout,30}]},
                             {session,
                              [{max_inflight,100},
                               {unack_retry_interval,60},
                               {await_rel_timeout,20},
                               {max_awaiting_rel,0},
                               {collect_interval,0},
                               {expired_after,2880}]},
                             {queue,
                              [{type,simple},
                               {max_length,infinity},
                               {low_watermark,0.2},
                               {high_watermark,0.6},
                               {queue_qos0,true}]}]]},
                          {gen_logger,lager_logger,8}]}},
                       {restart_type,transient},
                       {shutdown,infinity},
                       {child_type,supervisor}]

=PROGRESS REPORT==== 25-Jun-2016::10:04:38 ===
          supervisor: {<0.284.0>,esockd_listener_sup}
             started: [{pid,<0.286.0>},
                       {id,acceptor_sup},
                       {mfargs,
                           {esockd_acceptor_sup,start_link,
                               [<0.285.0>,#Fun<esockd_server.0.76791649>,
                                #Fun<esockd_listener_sup.1.16895020>,
                                {gen_logger,lager_logger,8}]}},
                       {restart_type,transient},
                       {shutdown,infinity},
                       {child_type,supervisor}]

=PROGRESS REPORT==== 25-Jun-2016::10:04:38 ===
          supervisor: {<0.284.0>,esockd_listener_sup}
             started: [{pid,<0.287.0>},
                       {id,listener},
                       {mfargs,
                           {esockd_listener,start_link,
                               [mqtt,1883,
                                [{acceptors,16},
                                 {max_clients,512},
                                 {access,[{allow,all}]},
                                 {connopts,[]},
                                 {sockopts,
                                     [binary,
                                      {packet,raw},
                                      {reuseaddr,true},
                                      {backlog,1024},
                                      {nodelay,true}]}],
                                <0.286.0>,
                                {gen_logger,lager_logger,8}]}},
                       {restart_type,transient},
                       {shutdown,4294967295},
                       {child_type,worker}]

=PROGRESS REPORT==== 25-Jun-2016::10:04:38 ===
          supervisor: {local,esockd_sup}
             started: [{pid,<0.284.0>},
                       {id,{listener_sup,{mqtt,1883}}},
                       {mfargs,
                        {esockd_listener_sup,start_link,
                         [mqtt,1883,
                          [{acceptors,16},
                           {max_clients,512},
                           {access,[{allow,all}]},
                           {connopts,[]},
                           {sockopts,
                            [binary,
                             {packet,raw},
                             {reuseaddr,true},
                             {backlog,1024},
                             {nodelay,true}]}],
                          {emqttd_client,start_link,
                           [[{packet,
                              [{max_clientid_len,512},
                               {max_packet_size,65536}]},
                             {client,[{idle_timeout,30}]},
                             {session,
                              [{max_inflight,100},
                               {unack_retry_interval,60},
                               {await_rel_timeout,20},
                               {max_awaiting_rel,0},
                               {collect_interval,0},
                               {expired_after,2880}]},
                             {queue,
                              [{type,simple},
                               {max_length,infinity},
                               {low_watermark,0.2},
                               {high_watermark,0.6},
                               {queue_qos0,true}]}]]}]}},
                       {restart_type,transient},
                       {shutdown,infinity},
                       {child_type,supervisor}]

=PROGRESS REPORT==== 25-Jun-2016::10:04:38 ===
          supervisor: {<0.304.0>,esockd_listener_sup}
             started: [{pid,<0.305.0>},
                       {id,connection_sup},
                       {mfargs,
                        {esockd_connection_sup,start_link,
                         [[{acceptors,4},
                           {max_clients,512},
                           {access,[{allow,all}]},
                           {ssl,
                            [{certfile,"etc/ssl/ssl.crt"},
                             {keyfile,"etc/ssl/ssl.key"}]},
                           {sockopts,
                            [binary,
                             {packet,raw},
                             {reuseaddr,true},
                             {backlog,1024},
                             {nodelay,true}]}],
                          {emqttd_client,start_link,
                           [[{packet,
                              [{max_clientid_len,512},
                               {max_packet_size,65536}]},
                             {client,[{idle_timeout,30}]},
                             {session,
                              [{max_inflight,100},
                               {unack_retry_interval,60},
                               {await_rel_timeout,20},
                               {max_awaiting_rel,0},
                               {collect_interval,0},
                               {expired_after,2880}]},
                             {queue,
                              [{type,simple},
                               {max_length,infinity},
                               {low_watermark,0.2},
                               {high_watermark,0.6},
                               {queue_qos0,true}]}]]},
                          {gen_logger,lager_logger,8}]}},
                       {restart_type,transient},
                       {shutdown,infinity},
                       {child_type,supervisor}]

=PROGRESS REPORT==== 25-Jun-2016::10:04:38 ===
          supervisor: {<0.304.0>,esockd_listener_sup}
             started: [{pid,<0.306.0>},
                       {id,acceptor_sup},
                       {mfargs,
                           {esockd_acceptor_sup,start_link,
                               [<0.305.0>,#Fun<esockd_server.0.76791649>,
                                #Fun<esockd_listener_sup.1.16895020>,
                                {gen_logger,lager_logger,8}]}},
                       {restart_type,transient},
                       {shutdown,infinity},
                       {child_type,supervisor}]

=PROGRESS REPORT==== 25-Jun-2016::10:04:38 ===
          supervisor: {<0.304.0>,esockd_listener_sup}
             started: [{pid,<0.307.0>},
                       {id,listener},
                       {mfargs,
                           {esockd_listener,start_link,
                               [mqtts,8883,
                                [{acceptors,4},
                                 {max_clients,512},
                                 {access,[{allow,all}]},
                                 {ssl,
                                     [{certfile,"etc/ssl/ssl.crt"},
                                      {keyfile,"etc/ssl/ssl.key"}]},
                                 {sockopts,
                                     [binary,
                                      {packet,raw},
                                      {reuseaddr,true},
                                      {backlog,1024},
                                      {nodelay,true}]}],
                                <0.306.0>,
                                {gen_logger,lager_logger,8}]}},
                       {restart_type,transient},
                       {shutdown,4294967295},
                       {child_type,worker}]

=PROGRESS REPORT==== 25-Jun-2016::10:04:38 ===
          supervisor: {local,esockd_sup}
             started: [{pid,<0.304.0>},
                       {id,{listener_sup,{mqtts,8883}}},
                       {mfargs,
                        {esockd_listener_sup,start_link,
                         [mqtts,8883,
                          [{acceptors,4},
                           {max_clients,512},
                           {access,[{allow,all}]},
                           {ssl,
                            [{certfile,"etc/ssl/ssl.crt"},
                             {keyfile,"etc/ssl/ssl.key"}]},
                           {sockopts,
                            [binary,
                             {packet,raw},
                             {reuseaddr,true},
                             {backlog,1024},
                             {nodelay,true}]}],
                          {emqttd_client,start_link,
                           [[{packet,
                              [{max_clientid_len,512},
                               {max_packet_size,65536}]},
                             {client,[{idle_timeout,30}]},
                             {session,
                              [{max_inflight,100},
                               {unack_retry_interval,60},
                               {await_rel_timeout,20},
                               {max_awaiting_rel,0},
                               {collect_interval,0},
                               {expired_after,2880}]},
                             {queue,
                              [{type,simple},
                               {max_length,infinity},
                               {low_watermark,0.2},
                               {high_watermark,0.6},
                               {queue_qos0,true}]}]]}]}},
                       {restart_type,transient},
                       {shutdown,infinity},
                       {child_type,supervisor}]

=PROGRESS REPORT==== 25-Jun-2016::10:04:38 ===
          supervisor: {<0.312.0>,esockd_listener_sup}
             started: [{pid,<0.313.0>},
                       {id,connection_sup},
                       {mfargs,
                           {esockd_connection_sup,start_link,
                               [[{acceptors,4},
                                 {max_clients,64},
                                 {access,[{allow,all}]},
                                 {sockopts,
                                     [binary,
                                      {reuseaddr,true},
                                      {packet,raw},
                                      {backlog,1024},
                                      {recbuf,8192},
                                      {exit_on_close,false},
                                      {nodelay,false}]}],
                                {mochiweb_http,start_link,
                                    [{emqttd_http,handle_request,[]}]},
                                {gen_logger,lager_logger,8}]}},
                       {restart_type,transient},
                       {shutdown,infinity},
                       {child_type,supervisor}]

=PROGRESS REPORT==== 25-Jun-2016::10:04:38 ===
          supervisor: {<0.312.0>,esockd_listener_sup}
             started: [{pid,<0.314.0>},
                       {id,acceptor_sup},
                       {mfargs,
                           {esockd_acceptor_sup,start_link,
                               [<0.313.0>,#Fun<esockd_server.0.76791649>,
                                #Fun<esockd_listener_sup.1.16895020>,
                                {gen_logger,lager_logger,8}]}},
                       {restart_type,transient},
                       {shutdown,infinity},
                       {child_type,supervisor}]

=PROGRESS REPORT==== 25-Jun-2016::10:04:38 ===
          supervisor: {<0.312.0>,esockd_listener_sup}
             started: [{pid,<0.315.0>},
                       {id,listener},
                       {mfargs,
                           {esockd_listener,start_link,
                               [http,8083,
                                [{acceptors,4},
                                 {max_clients,64},
                                 {access,[{allow,all}]},
                                 {sockopts,
                                     [binary,
                                      {reuseaddr,true},
                                      {packet,raw},
                                      {backlog,1024},
                                      {recbuf,8192},
                                      {exit_on_close,false},
                                      {nodelay,false}]}],
                                <0.314.0>,
                                {gen_logger,lager_logger,8}]}},
                       {restart_type,transient},
                       {shutdown,4294967295},
                       {child_type,worker}]

=PROGRESS REPORT==== 25-Jun-2016::10:04:38 ===
          supervisor: {local,esockd_sup}
             started: [{pid,<0.312.0>},
                       {id,{listener_sup,{http,8083}}},
                       {mfargs,
                           {esockd_listener_sup,start_link,
                               [http,8083,
                                [{acceptors,4},
                                 {max_clients,64},
                                 {access,[{allow,all}]},
                                 {sockopts,
                                     [binary,
                                      {reuseaddr,true},
                                      {packet,raw},
                                      {backlog,1024},
                                      {recbuf,8192},
                                      {exit_on_close,false},
                                      {nodelay,false}]}],
                                {mochiweb_http,start_link,
                                    [{emqttd_http,handle_request,[]}]}]}},
                       {restart_type,transient},
                       {shutdown,infinity},
                       {child_type,supervisor}]

=PROGRESS REPORT==== 25-Jun-2016::10:04:38 ===
         application: emqttd
          started_at: 'emqttd@127.0.0.1'

=PROGRESS REPORT==== 25-Jun-2016::10:04:49 ===
          supervisor: {local,inet_gethost_native_sup}
             started: [{pid,<0.329.0>},{mfa,{inet_gethost_native,init,[[]]}}]

=PROGRESS REPORT==== 25-Jun-2016::10:04:49 ===
          supervisor: {local,kernel_safe_sup}
             started: [{pid,<0.328.0>},
                       {id,inet_gethost_native_sup},
                       {mfargs,{inet_gethost_native,start_link,[]}},
                       {restart_type,temporary},
                       {shutdown,1000},
                       {child_type,worker}]
